<?xml version="1.0" encoding="UTF-8"?>
<!-- Generated by org.testng.reporters.JUnitXMLReporter -->
<testsuite ignored="0" hostname="DESKTOP-074LFQQ" failures="1" tests="2" name="FirefoxTest" time="20.45" errors="0" timestamp="2024-01-09T16:50:09 IST">
  <testcase classname="testcases.ActitimeTest" name="login" time="0.029">
    <failure type="org.openqa.selenium.ElementNotInteractableException" message="Element &amp;lt;input id=&amp;quot;username&amp;quot; class=&amp;quot;textField&amp;quot; name=&amp;quot;username&amp;quot; type=&amp;quot;text&amp;quot;&amp;gt; is not reachable by keyboard
Build info: version: &amp;apos;4.15.0&amp;apos;, revision: &amp;apos;1d14b5521b&amp;apos;
System info: os.name: &amp;apos;Windows 10&amp;apos;, os.arch: &amp;apos;amd64&amp;apos;, os.version: &amp;apos;10.0&amp;apos;, java.version: &amp;apos;17.0.9&amp;apos;
Driver info: org.openqa.selenium.firefox.FirefoxDriver
Command: [1a9dd0ff-e4b3-4a52-bb7d-c2c59de34179, sendKeysToElement {id=c0e21a8d-34de-4b2e-b869-d04662e4ee24, value=[Ljava.lang.CharSequence;@27abb83e}]
Capabilities {acceptInsecureCerts: true, browserName: firefox, browserVersion: 60.0, moz:accessibilityChecks: false, moz:geckodriverVersion: 0.34.0, moz:headless: false, moz:processID: 8736, moz:profile: C:\Users\USER\AppData\Local..., moz:useNonSpecCompliantPointerOrigin: false, moz:webdriverClick: true, pageLoadStrategy: normal, platformName: Windows XP, platformVersion: 10.0, rotatable: false, timeouts: {implicit: 0, pageLoad: 300000, script: 30000}}
Element: [[FirefoxDriver: firefox on Windows XP (1a9dd0ff-e4b3-4a52-bb7d-c2c59de34179)] -&amp;gt; id: username]
Session ID: 1a9dd0ff-e4b3-4a52-bb7d-c2c59de34179">
      <![CDATA[org.openqa.selenium.ElementNotInteractableException: Element <input id="username" class="textField" name="username" type="text"> is not reachable by keyboard
Build info: version: '4.15.0', revision: '1d14b5521b'
System info: os.name: 'Windows 10', os.arch: 'amd64', os.version: '10.0', java.version: '17.0.9'
Driver info: org.openqa.selenium.firefox.FirefoxDriver
Command: [1a9dd0ff-e4b3-4a52-bb7d-c2c59de34179, sendKeysToElement {id=c0e21a8d-34de-4b2e-b869-d04662e4ee24, value=[Ljava.lang.CharSequence;@27abb83e}]
Capabilities {acceptInsecureCerts: true, browserName: firefox, browserVersion: 60.0, moz:accessibilityChecks: false, moz:geckodriverVersion: 0.34.0, moz:headless: false, moz:processID: 8736, moz:profile: C:\Users\USER\AppData\Local..., moz:useNonSpecCompliantPointerOrigin: false, moz:webdriverClick: true, pageLoadStrategy: normal, platformName: Windows XP, platformVersion: 10.0, rotatable: false, timeouts: {implicit: 0, pageLoad: 300000, script: 30000}}
Element: [[FirefoxDriver: firefox on Windows XP (1a9dd0ff-e4b3-4a52-bb7d-c2c59de34179)] -> id: username]
Session ID: 1a9dd0ff-e4b3-4a52-bb7d-c2c59de34179
at org.openqa.selenium.remote.codec.w3c.W3CHttpResponseCodec.createException(W3CHttpResponseCodec.java:200)
at org.openqa.selenium.remote.codec.w3c.W3CHttpResponseCodec.decode(W3CHttpResponseCodec.java:133)
at org.openqa.selenium.remote.codec.w3c.W3CHttpResponseCodec.decode(W3CHttpResponseCodec.java:52)
at org.openqa.selenium.remote.HttpCommandExecutor.execute(HttpCommandExecutor.java:191)
at org.openqa.selenium.remote.service.DriverCommandExecutor.invokeExecute(DriverCommandExecutor.java:200)
at org.openqa.selenium.remote.service.DriverCommandExecutor.execute(DriverCommandExecutor.java:175)
at org.openqa.selenium.remote.RemoteWebDriver.execute(RemoteWebDriver.java:607)
at org.openqa.selenium.remote.RemoteWebElement.execute(RemoteWebElement.java:224)
at org.openqa.selenium.remote.RemoteWebElement.sendKeys(RemoteWebElement.java:111)
at org.openqa.selenium.support.pagefactory.internal.LocatingElementHandler.invoke(LocatingElementHandler.java:51)
at jdk.proxy2/jdk.proxy2.$Proxy19.sendKeys(Unknown Source)
at pages.ActitimeLoginPage.loginmethod(ActitimeLoginPage.java:28)
at testcases.ActitimeTest.login(ActitimeTest.java:17)
at java.base/java.util.ArrayList.forEach(ArrayList.java:1511)
... Removed 36 stack frames]]>
    </failure>
  </testcase> <!-- login -->
  <testcase classname="testcases.ActitimeTest" name="logout" time="0.0">
    <skipped/>
  </testcase> <!-- logout -->
</testsuite> <!-- FirefoxTest -->
