<?xml version="1.0" encoding="UTF-8"?>
<testng-results ignored="0" total="6" passed="4" failed="1" skipped="1">
  <reporter-output>
    <line>
      <![CDATA[execution started at suite tag level]]>
    </line>
    <line>
      <![CDATA[execution started at test tag level]]>
    </line>
    <line>
      <![CDATA[execution completed at test tag level]]>
    </line>
    <line>
      <![CDATA[execution started at test tag level]]>
    </line>
    <line>
      <![CDATA[execution completed at test tag level]]>
    </line>
    <line>
      <![CDATA[execution started at test tag level]]>
    </line>
    <line>
      <![CDATA[execution completed at test tag level]]>
    </line>
    <line>
      <![CDATA[execution completed at suite tag level]]>
    </line>
  </reporter-output>
  <suite started-at="2024-01-09T16:49:14 IST" name="Suite" finished-at="2024-01-09T16:50:09 IST" duration-ms="54928">
    <groups>
    </groups>
    <test started-at="2024-01-09T16:49:14 IST" name="ChromeTest" finished-at="2024-01-09T16:49:30 IST" duration-ms="16186">
      <class name="testcases.ActitimeTest">
        <test-method is-config="true" signature="testExecutionStart()[pri:0, instance:testcases.ActitimeTest@2e005c4b]" started-at="2024-01-09T16:49:14 IST" name="testExecutionStart" finished-at="2024-01-09T16:49:14 IST" duration-ms="0" status="PASS">
          <reporter-output>
            <line>
              <![CDATA[execution started at test tag level]]>
            </line>
          </reporter-output>
        </test-method> <!-- testExecutionStart -->
        <test-method is-config="true" signature="setup(java.lang.String)[pri:0, instance:testcases.ActitimeTest@2e005c4b]" started-at="2024-01-09T16:49:14 IST" name="setup" finished-at="2024-01-09T16:49:23 IST" duration-ms="9472" status="PASS">
          <params>
            <param index="0">
              <value>
                <![CDATA[chrome]]>
              </value>
            </param>
          </params>
          <reporter-output>
          </reporter-output>
        </test-method> <!-- setup -->
        <test-method signature="login()[pri:0, instance:testcases.ActitimeTest@2e005c4b]" started-at="2024-01-09T16:49:23 IST" name="login" finished-at="2024-01-09T16:49:24 IST" duration-ms="437" status="PASS">
          <reporter-output>
          </reporter-output>
        </test-method> <!-- login -->
        <test-method signature="logout()[pri:0, instance:testcases.ActitimeTest@2e005c4b]" started-at="2024-01-09T16:49:24 IST" name="logout" finished-at="2024-01-09T16:49:30 IST" depends-on-methods="testcases.ActitimeTest.login" duration-ms="6038" status="PASS">
          <reporter-output>
          </reporter-output>
        </test-method> <!-- logout -->
        <test-method is-config="true" signature="teardown()[pri:0, instance:testcases.ActitimeTest@2e005c4b]" started-at="2024-01-09T16:49:30 IST" name="teardown" finished-at="2024-01-09T16:49:30 IST" duration-ms="194" status="PASS">
          <reporter-output>
          </reporter-output>
        </test-method> <!-- teardown -->
        <test-method is-config="true" signature="testExecutionComplete()[pri:0, instance:testcases.ActitimeTest@2e005c4b]" started-at="2024-01-09T16:49:30 IST" name="testExecutionComplete" finished-at="2024-01-09T16:49:30 IST" duration-ms="1" status="PASS">
          <reporter-output>
            <line>
              <![CDATA[execution completed at test tag level]]>
            </line>
          </reporter-output>
        </test-method> <!-- testExecutionComplete -->
      </class> <!-- testcases.ActitimeTest -->
    </test> <!-- ChromeTest -->
    <test started-at="2024-01-09T16:49:30 IST" name="EdgeTest" finished-at="2024-01-09T16:49:48 IST" duration-ms="18144">
      <class name="testcases.ActitimeTest">
        <test-method is-config="true" signature="testExecutionStart()[pri:0, instance:testcases.ActitimeTest@67c27493]" started-at="2024-01-09T16:49:30 IST" name="testExecutionStart" finished-at="2024-01-09T16:49:30 IST" duration-ms="1" status="PASS">
          <reporter-output>
            <line>
              <![CDATA[execution started at test tag level]]>
            </line>
          </reporter-output>
        </test-method> <!-- testExecutionStart -->
        <test-method is-config="true" signature="setup(java.lang.String)[pri:0, instance:testcases.ActitimeTest@67c27493]" started-at="2024-01-09T16:49:30 IST" name="setup" finished-at="2024-01-09T16:49:41 IST" duration-ms="11184" status="PASS">
          <params>
            <param index="0">
              <value>
                <![CDATA[edge]]>
              </value>
            </param>
          </params>
          <reporter-output>
          </reporter-output>
        </test-method> <!-- setup -->
        <test-method signature="login()[pri:0, instance:testcases.ActitimeTest@67c27493]" started-at="2024-01-09T16:49:41 IST" name="login" finished-at="2024-01-09T16:49:42 IST" duration-ms="384" status="PASS">
          <reporter-output>
          </reporter-output>
        </test-method> <!-- login -->
        <test-method signature="logout()[pri:0, instance:testcases.ActitimeTest@67c27493]" started-at="2024-01-09T16:49:42 IST" name="logout" finished-at="2024-01-09T16:49:48 IST" depends-on-methods="testcases.ActitimeTest.login" duration-ms="6373" status="PASS">
          <reporter-output>
          </reporter-output>
        </test-method> <!-- logout -->
        <test-method is-config="true" signature="teardown()[pri:0, instance:testcases.ActitimeTest@67c27493]" started-at="2024-01-09T16:49:48 IST" name="teardown" finished-at="2024-01-09T16:49:48 IST" duration-ms="190" status="PASS">
          <reporter-output>
          </reporter-output>
        </test-method> <!-- teardown -->
        <test-method is-config="true" signature="testExecutionComplete()[pri:0, instance:testcases.ActitimeTest@67c27493]" started-at="2024-01-09T16:49:48 IST" name="testExecutionComplete" finished-at="2024-01-09T16:49:48 IST" duration-ms="1" status="PASS">
          <reporter-output>
            <line>
              <![CDATA[execution completed at test tag level]]>
            </line>
          </reporter-output>
        </test-method> <!-- testExecutionComplete -->
      </class> <!-- testcases.ActitimeTest -->
    </test> <!-- EdgeTest -->
    <test started-at="2024-01-09T16:49:48 IST" name="FirefoxTest" finished-at="2024-01-09T16:50:09 IST" duration-ms="20450">
      <class name="testcases.ActitimeTest">
        <test-method is-config="true" signature="suiteExecutionStart()[pri:0, instance:testcases.ActitimeTest@747ddf94]" started-at="2024-01-09T16:49:14 IST" name="suiteExecutionStart" finished-at="2024-01-09T16:49:14 IST" duration-ms="11" status="PASS">
          <reporter-output>
            <line>
              <![CDATA[execution started at suite tag level]]>
            </line>
          </reporter-output>
        </test-method> <!-- suiteExecutionStart -->
        <test-method is-config="true" signature="setup(java.lang.String)[pri:0, instance:testcases.ActitimeTest@747ddf94]" started-at="2024-01-09T16:49:48 IST" name="setup" finished-at="2024-01-09T16:50:08 IST" duration-ms="19692" status="PASS">
          <params>
            <param index="0">
              <value>
                <![CDATA[firefox]]>
              </value>
            </param>
          </params>
          <reporter-output>
          </reporter-output>
        </test-method> <!-- setup -->
        <test-method is-config="true" signature="testExecutionStart()[pri:0, instance:testcases.ActitimeTest@747ddf94]" started-at="2024-01-09T16:49:48 IST" name="testExecutionStart" finished-at="2024-01-09T16:49:48 IST" duration-ms="0" status="PASS">
          <reporter-output>
            <line>
              <![CDATA[execution started at test tag level]]>
            </line>
          </reporter-output>
        </test-method> <!-- testExecutionStart -->
        <test-method signature="login()[pri:0, instance:testcases.ActitimeTest@747ddf94]" started-at="2024-01-09T16:50:08 IST" name="login" finished-at="2024-01-09T16:50:08 IST" duration-ms="29" status="FAIL">
          <exception class="org.openqa.selenium.ElementNotInteractableException">
            <message>
              <![CDATA[Element <input id="username" class="textField" name="username" type="text"> is not reachable by keyboard
Build info: version: '4.15.0', revision: '1d14b5521b'
System info: os.name: 'Windows 10', os.arch: 'amd64', os.version: '10.0', java.version: '17.0.9'
Driver info: org.openqa.selenium.firefox.FirefoxDriver
Command: [1a9dd0ff-e4b3-4a52-bb7d-c2c59de34179, sendKeysToElement {id=c0e21a8d-34de-4b2e-b869-d04662e4ee24, value=[Ljava.lang.CharSequence;@27abb83e}]
Capabilities {acceptInsecureCerts: true, browserName: firefox, browserVersion: 60.0, moz:accessibilityChecks: false, moz:geckodriverVersion: 0.34.0, moz:headless: false, moz:processID: 8736, moz:profile: C:\Users\USER\AppData\Local..., moz:useNonSpecCompliantPointerOrigin: false, moz:webdriverClick: true, pageLoadStrategy: normal, platformName: Windows XP, platformVersion: 10.0, rotatable: false, timeouts: {implicit: 0, pageLoad: 300000, script: 30000}}
Element: [[FirefoxDriver: firefox on Windows XP (1a9dd0ff-e4b3-4a52-bb7d-c2c59de34179)] -> id: username]
Session ID: 1a9dd0ff-e4b3-4a52-bb7d-c2c59de34179]]>
            </message>
            <full-stacktrace>
              <![CDATA[org.openqa.selenium.ElementNotInteractableException: Element <input id="username" class="textField" name="username" type="text"> is not reachable by keyboard
Build info: version: '4.15.0', revision: '1d14b5521b'
System info: os.name: 'Windows 10', os.arch: 'amd64', os.version: '10.0', java.version: '17.0.9'
Driver info: org.openqa.selenium.firefox.FirefoxDriver
Command: [1a9dd0ff-e4b3-4a52-bb7d-c2c59de34179, sendKeysToElement {id=c0e21a8d-34de-4b2e-b869-d04662e4ee24, value=[Ljava.lang.CharSequence;@27abb83e}]
Capabilities {acceptInsecureCerts: true, browserName: firefox, browserVersion: 60.0, moz:accessibilityChecks: false, moz:geckodriverVersion: 0.34.0, moz:headless: false, moz:processID: 8736, moz:profile: C:\Users\USER\AppData\Local..., moz:useNonSpecCompliantPointerOrigin: false, moz:webdriverClick: true, pageLoadStrategy: normal, platformName: Windows XP, platformVersion: 10.0, rotatable: false, timeouts: {implicit: 0, pageLoad: 300000, script: 30000}}
Element: [[FirefoxDriver: firefox on Windows XP (1a9dd0ff-e4b3-4a52-bb7d-c2c59de34179)] -> id: username]
Session ID: 1a9dd0ff-e4b3-4a52-bb7d-c2c59de34179
at java.base/jdk.internal.reflect.NativeConstructorAccessorImpl.newInstance0(Native Method)
at java.base/jdk.internal.reflect.NativeConstructorAccessorImpl.newInstance(NativeConstructorAccessorImpl.java:77)
at java.base/jdk.internal.reflect.DelegatingConstructorAccessorImpl.newInstance(DelegatingConstructorAccessorImpl.java:45)
at java.base/java.lang.reflect.Constructor.newInstanceWithCaller(Constructor.java:499)
at java.base/java.lang.reflect.Constructor.newInstance(Constructor.java:480)
at org.openqa.selenium.remote.codec.w3c.W3CHttpResponseCodec.createException(W3CHttpResponseCodec.java:200)
at org.openqa.selenium.remote.codec.w3c.W3CHttpResponseCodec.decode(W3CHttpResponseCodec.java:133)
at org.openqa.selenium.remote.codec.w3c.W3CHttpResponseCodec.decode(W3CHttpResponseCodec.java:52)
at org.openqa.selenium.remote.HttpCommandExecutor.execute(HttpCommandExecutor.java:191)
at org.openqa.selenium.remote.service.DriverCommandExecutor.invokeExecute(DriverCommandExecutor.java:200)
at org.openqa.selenium.remote.service.DriverCommandExecutor.execute(DriverCommandExecutor.java:175)
at org.openqa.selenium.remote.RemoteWebDriver.execute(RemoteWebDriver.java:607)
at org.openqa.selenium.remote.RemoteWebElement.execute(RemoteWebElement.java:224)
at org.openqa.selenium.remote.RemoteWebElement.sendKeys(RemoteWebElement.java:111)
at java.base/jdk.internal.reflect.NativeMethodAccessorImpl.invoke0(Native Method)
at java.base/jdk.internal.reflect.NativeMethodAccessorImpl.invoke(NativeMethodAccessorImpl.java:77)
at java.base/jdk.internal.reflect.DelegatingMethodAccessorImpl.invoke(DelegatingMethodAccessorImpl.java:43)
at java.base/java.lang.reflect.Method.invoke(Method.java:568)
at org.openqa.selenium.support.pagefactory.internal.LocatingElementHandler.invoke(LocatingElementHandler.java:51)
at jdk.proxy2/jdk.proxy2.$Proxy19.sendKeys(Unknown Source)
at pages.ActitimeLoginPage.loginmethod(ActitimeLoginPage.java:28)
at testcases.ActitimeTest.login(ActitimeTest.java:17)
at java.base/jdk.internal.reflect.NativeMethodAccessorImpl.invoke0(Native Method)
at java.base/jdk.internal.reflect.NativeMethodAccessorImpl.invoke(NativeMethodAccessorImpl.java:77)
at java.base/jdk.internal.reflect.DelegatingMethodAccessorImpl.invoke(DelegatingMethodAccessorImpl.java:43)
at java.base/java.lang.reflect.Method.invoke(Method.java:568)
at org.testng.internal.MethodInvocationHelper.invokeMethod(MethodInvocationHelper.java:133)
at org.testng.internal.TestInvoker.invokeMethod(TestInvoker.java:598)
at org.testng.internal.TestInvoker.invokeTestMethod(TestInvoker.java:173)
at org.testng.internal.MethodRunner.runInSequence(MethodRunner.java:46)
at org.testng.internal.TestInvoker$MethodInvocationAgent.invoke(TestInvoker.java:824)
at org.testng.internal.TestInvoker.invokeTestMethods(TestInvoker.java:146)
at org.testng.internal.TestMethodWorker.invokeTestMethods(TestMethodWorker.java:146)
at org.testng.internal.TestMethodWorker.run(TestMethodWorker.java:128)
at java.base/java.util.ArrayList.forEach(ArrayList.java:1511)
at org.testng.TestRunner.privateRun(TestRunner.java:794)
at org.testng.TestRunner.run(TestRunner.java:596)
at org.testng.SuiteRunner.runTest(SuiteRunner.java:377)
at org.testng.SuiteRunner.runSequentially(SuiteRunner.java:371)
at org.testng.SuiteRunner.privateRun(SuiteRunner.java:332)
at org.testng.SuiteRunner.run(SuiteRunner.java:276)
at org.testng.SuiteRunnerWorker.runSuite(SuiteRunnerWorker.java:53)
at org.testng.SuiteRunnerWorker.run(SuiteRunnerWorker.java:96)
at org.testng.TestNG.runSuitesSequentially(TestNG.java:1212)
at org.testng.TestNG.runSuitesLocally(TestNG.java:1134)
at org.testng.TestNG.runSuites(TestNG.java:1063)
at org.testng.TestNG.run(TestNG.java:1031)
at org.testng.remote.AbstractRemoteTestNG.run(AbstractRemoteTestNG.java:115)
at org.testng.remote.RemoteTestNG.initAndRun(RemoteTestNG.java:251)
at org.testng.remote.RemoteTestNG.main(RemoteTestNG.java:77)
]]>
            </full-stacktrace>
          </exception> <!-- org.openqa.selenium.ElementNotInteractableException -->
          <reporter-output>
          </reporter-output>
        </test-method> <!-- login -->
        <test-method signature="logout()[pri:0, instance:testcases.ActitimeTest@747ddf94]" started-at="2024-01-09T16:50:08 IST" name="logout" finished-at="2024-01-09T16:50:08 IST" depends-on-methods="testcases.ActitimeTest.login" duration-ms="0" status="SKIP">
          <exception class="java.lang.Throwable">
            <message>
              <![CDATA[Method ActitimeTest.logout()[pri:0, instance:testcases.ActitimeTest@747ddf94] depends on not successfully finished methods]]>
            </message>
            <full-stacktrace>
              <![CDATA[java.lang.Throwable: Method ActitimeTest.logout()[pri:0, instance:testcases.ActitimeTest@747ddf94] depends on not successfully finished methods
at org.testng.internal.TestInvoker.invokeTestMethods(TestInvoker.java:102)
at org.testng.internal.TestMethodWorker.invokeTestMethods(TestMethodWorker.java:146)
at org.testng.internal.TestMethodWorker.run(TestMethodWorker.java:128)
at java.base/java.util.ArrayList.forEach(ArrayList.java:1511)
at org.testng.TestRunner.privateRun(TestRunner.java:794)
at org.testng.TestRunner.run(TestRunner.java:596)
at org.testng.SuiteRunner.runTest(SuiteRunner.java:377)
at org.testng.SuiteRunner.runSequentially(SuiteRunner.java:371)
at org.testng.SuiteRunner.privateRun(SuiteRunner.java:332)
at org.testng.SuiteRunner.run(SuiteRunner.java:276)
at org.testng.SuiteRunnerWorker.runSuite(SuiteRunnerWorker.java:53)
at org.testng.SuiteRunnerWorker.run(SuiteRunnerWorker.java:96)
at org.testng.TestNG.runSuitesSequentially(TestNG.java:1212)
at org.testng.TestNG.runSuitesLocally(TestNG.java:1134)
at org.testng.TestNG.runSuites(TestNG.java:1063)
at org.testng.TestNG.run(TestNG.java:1031)
at org.testng.remote.AbstractRemoteTestNG.run(AbstractRemoteTestNG.java:115)
at org.testng.remote.RemoteTestNG.initAndRun(RemoteTestNG.java:251)
at org.testng.remote.RemoteTestNG.main(RemoteTestNG.java:77)
]]>
            </full-stacktrace>
          </exception> <!-- java.lang.Throwable -->
          <reporter-output>
          </reporter-output>
        </test-method> <!-- logout -->
        <test-method is-config="true" signature="teardown()[pri:0, instance:testcases.ActitimeTest@747ddf94]" started-at="2024-01-09T16:50:08 IST" name="teardown" finished-at="2024-01-09T16:50:09 IST" duration-ms="622" status="PASS">
          <reporter-output>
          </reporter-output>
        </test-method> <!-- teardown -->
        <test-method is-config="true" signature="testExecutionComplete()[pri:0, instance:testcases.ActitimeTest@747ddf94]" started-at="2024-01-09T16:50:09 IST" name="testExecutionComplete" finished-at="2024-01-09T16:50:09 IST" duration-ms="0" status="PASS">
          <reporter-output>
            <line>
              <![CDATA[execution completed at test tag level]]>
            </line>
          </reporter-output>
        </test-method> <!-- testExecutionComplete -->
        <test-method is-config="true" signature="suiteExecutionComplete()[pri:0, instance:testcases.ActitimeTest@747ddf94]" started-at="2024-01-09T16:50:09 IST" name="suiteExecutionComplete" finished-at="2024-01-09T16:50:09 IST" duration-ms="0" status="PASS">
          <reporter-output>
            <line>
              <![CDATA[execution completed at suite tag level]]>
            </line>
          </reporter-output>
        </test-method> <!-- suiteExecutionComplete -->
      </class> <!-- testcases.ActitimeTest -->
    </test> <!-- FirefoxTest -->
  </suite> <!-- Suite -->
</testng-results>
